This is XeTeX, Version 3.1415926-2.4-0.9998 (TeX Live 2012) (format=xelatex 2012.6.30)  18 OCT 2013 21:41
entering extended mode
 restricted \write18 enabled.
 file:line:error style messages enabled.
 %&-line parsing enabled.
**mounted-file.tex
(./mounted-file.tex
LaTeX2e <2011/06/27>
Babel <v3.8m> and hyphenation patterns for english, dumylang, nohyphenation, ge
rman-x-2012-05-30, ngerman-x-2012-05-30, afrikaans, ancientgreek, ibycus, arabi
c, armenian, basque, bulgarian, catalan, pinyin, coptic, croatian, czech, danis
h, dutch, ukenglish, usenglishmax, esperanto, estonian, ethiopic, farsi, finnis
h, french, friulan, galician, german, ngerman, swissgerman, monogreek, greek, h
ungarian, icelandic, assamese, bengali, gujarati, hindi, kannada, malayalam, ma
rathi, oriya, panjabi, tamil, telugu, indonesian, interlingua, irish, italian, 
kurmanji, latin, latvian, lithuanian, mongolian, mongolianlmc, bokmal, nynorsk,
 polish, portuguese, romanian, romansh, russian, sanskrit, serbian, serbianc, s
lovak, slovenian, spanish, swedish, turkish, turkmen, ukrainian, uppersorbian, 
welsh, loaded.
(/usr/local/texlive/2012/texmf-dist/tex/latex/base/article.cls
Document Class: article 2007/10/19 v1.4h Standard LaTeX document class
(/usr/local/texlive/2012/texmf-dist/tex/latex/base/size11.clo
File: size11.clo 2007/10/19 v1.4h Standard LaTeX file (size option)
)
\c@part=\count80
\c@section=\count81
\c@subsection=\count82
\c@subsubsection=\count83
\c@paragraph=\count84
\c@subparagraph=\count85
\c@figure=\count86
\c@table=\count87
\abovecaptionskip=\skip41
\belowcaptionskip=\skip42
\bibindent=\dimen102
)
(/usr/local/texlive/2012/texmf-dist/tex/latex/pdfpages/pdfpages.sty
Package: pdfpages 2012/04/03 v0.4s Insert pages of external PDF documents (AM)

(/usr/local/texlive/2012/texmf-dist/tex/latex/base/ifthen.sty
Package: ifthen 2001/05/26 v1.1c Standard LaTeX ifthen package (DPC)
)
(/usr/local/texlive/2012/texmf-dist/tex/latex/tools/calc.sty
Package: calc 2007/08/22 v4.3 Infix arithmetic (KKT,FJ)
\calc@Acount=\count88
\calc@Bcount=\count89
\calc@Adimen=\dimen103
\calc@Bdimen=\dimen104
\calc@Askip=\skip43
\calc@Bskip=\skip44
LaTeX Info: Redefining \setlength on input line 76.
LaTeX Info: Redefining \addtolength on input line 77.
\calc@Ccount=\count90
\calc@Cskip=\skip45
)
(/usr/local/texlive/2012/texmf-dist/tex/latex/eso-pic/eso-pic.sty
Package: eso-pic 2010/10/06 v2.0c eso-pic (RN)

(/usr/local/texlive/2012/texmf-dist/tex/generic/oberdiek/atbegshi.sty
Package: atbegshi 2011/10/05 v1.16 At begin shipout hook (HO)

(/usr/local/texlive/2012/texmf-dist/tex/generic/oberdiek/infwarerr.sty
Package: infwarerr 2010/04/08 v1.3 Providing info/warning/error messages (HO)
)
(/usr/local/texlive/2012/texmf-dist/tex/generic/oberdiek/ltxcmds.sty
Package: ltxcmds 2011/11/09 v1.22 LaTeX kernel commands for general use (HO)
)
(/usr/local/texlive/2012/texmf-dist/tex/generic/oberdiek/ifpdf.sty
Package: ifpdf 2011/01/30 v2.3 Provides the ifpdf switch (HO)
Package ifpdf Info: pdfTeX in PDF mode is not detected.
))
(/usr/local/texlive/2012/texmf-dist/tex/latex/graphics/keyval.sty
Package: keyval 1999/03/16 v1.13 key=value parser (DPC)
\KV@toks@=\toks14
)
(/usr/local/texlive/2012/texmf-dist/tex/latex/xcolor/xcolor.sty
Package: xcolor 2007/01/21 v2.11 LaTeX color extensions (UK)

(/usr/local/texlive/2012/texmf-dist/tex/latex/latexconfig/color.cfg
File: color.cfg 2007/01/18 v1.5 color configuration of teTeX/TeXLive
)
Package xcolor Info: Driver file: xetex.def on input line 225.

(/usr/local/texlive/2012/texmf-dist/tex/xelatex/xetex-def/xetex.def
File: xetex.def 2009/11/22 v0.94 LaTeX color/graphics driver for XeTeX (RRM/JK)

)
Package xcolor Info: Model `cmy' substituted by `cmy0' on input line 1337.
Package xcolor Info: Model `RGB' extended on input line 1353.
Package xcolor Info: Model `HTML' substituted by `rgb' on input line 1355.
Package xcolor Info: Model `Hsb' substituted by `hsb' on input line 1356.
Package xcolor Info: Model `tHsb' substituted by `hsb' on input line 1357.
Package xcolor Info: Model `HSB' substituted by `hsb' on input line 1358.
Package xcolor Info: Model `Gray' substituted by `gray' on input line 1359.
Package xcolor Info: Model `wave' substituted by `hsb' on input line 1360.
))
(/usr/local/texlive/2012/texmf-dist/tex/latex/graphics/graphicx.sty
Package: graphicx 1999/02/16 v1.0f Enhanced LaTeX Graphics (DPC,SPQR)

(/usr/local/texlive/2012/texmf-dist/tex/latex/graphics/graphics.sty
Package: graphics 2009/02/05 v1.0o Standard LaTeX Graphics (DPC,SPQR)

(/usr/local/texlive/2012/texmf-dist/tex/latex/graphics/trig.sty
Package: trig 1999/03/16 v1.09 sin cos tan (DPC)
)
(/usr/local/texlive/2012/texmf-dist/tex/latex/latexconfig/graphics.cfg
File: graphics.cfg 2010/04/23 v1.9 graphics configuration of TeX Live
)
Package graphics Info: Driver file: xetex.def on input line 91.
)
\Gin@req@height=\dimen105
\Gin@req@width=\dimen106
)
(/usr/local/texlive/2012/texmf-dist/tex/latex/pdfpages/ppxetex.def
File: ppxetex.def 2012/04/03 v0.4s Pdfpages driver for XeTeX (AM)
)
\AM@pagebox=\box26
\AM@toc@title=\toks15
\c@AM@survey=\count91
\AM@templatesizebox=\box27
)
(./mounted-file.aux)
\openout1 = `mounted-file.aux'.

LaTeX Font Info:    Checking defaults for OML/cmm/m/it on input line 5.
LaTeX Font Info:    ... okay on input line 5.
LaTeX Font Info:    Checking defaults for T1/cmr/m/n on input line 5.
LaTeX Font Info:    ... okay on input line 5.
LaTeX Font Info:    Checking defaults for OT1/cmr/m/n on input line 5.
LaTeX Font Info:    ... okay on input line 5.
LaTeX Font Info:    Checking defaults for OMS/cmsy/m/n on input line 5.
LaTeX Font Info:    ... okay on input line 5.
LaTeX Font Info:    Checking defaults for OMX/cmex/m/n on input line 5.
LaTeX Font Info:    ... okay on input line 5.
LaTeX Font Info:    Checking defaults for U/cmr/m/n on input line 5.
LaTeX Font Info:    ... okay on input line 5.
\AtBeginShipoutBox=\box28
File: treesaver-output.pdf Graphic file (type QTm)
 <use  "treesaver-output.pdf"  page1>
File: treesaver-output.pdf Graphic file (type QTm)

<use  "treesaver-output.pdf"  page1>
File: treesaver-output.pdf Graphic file (type QTm)
 <use  "treesaver-output.pdf"  page1>
File: treesaver-output.pdf Graphic file (type QTm)

<use  "treesaver-output.pdf"  page2>
File: treesaver-output.pdf Graphic file (type QTm)
 <use  "treesaver-output.pdf"  page2>
File: treesaver-output.pdf Graphic file (type QTm)

<use  "treesaver-output.pdf"  page1>
File: treesaver-output.pdf Graphic file (type QTm)
 <use  "treesaver-output.pdf"  page2>
[1

]
File: treesaver-output.pdf Graphic file (type QTm)
 <use  "treesaver-output.pdf"  page3>
File: treesaver-output.pdf Graphic file (type QTm)
 <use  "treesaver-output.pdf"  page3>
File: treesaver-output.pdf Graphic file (type QTm)

<use  "treesaver-output.pdf"  page4>
File: treesaver-output.pdf Graphic file (type QTm)
 <use  "treesaver-output.pdf"  page4>
File: treesaver-output.pdf Graphic file (type QTm)

<use  "treesaver-output.pdf"  page3>
File: treesaver-output.pdf Graphic file (type QTm)
 <use  "treesaver-output.pdf"  page4>
[2]
File: treesaver-output.pdf Graphic file (type QTm)
 <use  "treesaver-output.pdf"  page5>
File: treesaver-output.pdf Graphic file (type QTm)
 <use  "treesaver-output.pdf"  page5>
File: treesaver-output.pdf Graphic file (type QTm)

<use  "treesaver-output.pdf"  page6>
File: treesaver-output.pdf Graphic file (type QTm)
 <use  "treesaver-output.pdf"  page6>
File: treesaver-output.pdf Graphic file (type QTm)

<use  "treesaver-output.pdf"  page5>
File: treesaver-output.pdf Graphic file (type QTm)
 <use  "treesaver-output.pdf"  page6>
[3]
File: treesaver-output.pdf Graphic file (type QTm)
 <use  "treesaver-output.pdf"  page7>
File: treesaver-output.pdf Graphic file (type QTm)
 <use  "treesaver-output.pdf"  page7>
File: treesaver-output.pdf Graphic file (type QTm)

<use  "treesaver-output.pdf"  page8>
File: treesaver-output.pdf Graphic file (type QTm)
 <use  "treesaver-output.pdf"  page8>
File: treesaver-output.pdf Graphic file (type QTm)

<use  "treesaver-output.pdf"  page7>
File: treesaver-output.pdf Graphic file (type QTm)
 <use  "treesaver-output.pdf"  page8>
[4]
File: treesaver-output.pdf Graphic file (type QTm)
 <use  "treesaver-output.pdf"  page9>
File: treesaver-output.pdf Graphic file (type QTm)
 <use  "treesaver-output.pdf"  page9>
File: treesaver-output.pdf Graphic file (type QTm)

<use  "treesaver-output.pdf"  page10>
File: treesaver-output.pdf Graphic file (type QTm)
 <use  "treesaver-output.pdf"  page10>
File: treesaver-output.pdf Graphic file (type QTm)

<use  "treesaver-output.pdf"  page9>
File: treesaver-output.pdf Graphic file (type QTm)
 <use  "treesaver-output.pdf"  page10>
[5]
File: treesaver-output.pdf Graphic file (type QTm)
 <use  "treesaver-output.pdf"  page11>
File: treesaver-output.pdf Graphic file (type QTm)

<use  "treesaver-output.pdf"  page11>
File: treesaver-output.pdf Graphic file (type QTm)
 <use  "treesaver-output.pdf"  page12>
File: treesaver-output.pdf Graphic file (type QTm)

<use  "treesaver-output.pdf"  page12>
File: treesaver-output.pdf Graphic file (type QTm)
 <use  "treesaver-output.pdf"  page11>
File: treesaver-output.pdf Graphic file (type QTm)

<use  "treesaver-output.pdf"  page12> [6]
File: treesaver-output.pdf Graphic file (type QTm)

<use  "treesaver-output.pdf"  page13>
File: treesaver-output.pdf Graphic file (type QTm)
 <use  "treesaver-output.pdf"  page13>
File: treesaver-output.pdf Graphic file (type QTm)

<use  "treesaver-output.pdf"  page14>
File: treesaver-output.pdf Graphic file (type QTm)
 <use  "treesaver-output.pdf"  page14>
File: treesaver-output.pdf Graphic file (type QTm)

<use  "treesaver-output.pdf"  page13>
File: treesaver-output.pdf Graphic file (type QTm)
 <use  "treesaver-output.pdf"  page14>
[7]
File: treesaver-output.pdf Graphic file (type QTm)
 <use  "treesaver-output.pdf"  page15>
File: treesaver-output.pdf Graphic file (type QTm)

<use  "treesaver-output.pdf"  page15>
File: treesaver-output.pdf Graphic file (type QTm)
 <use  "treesaver-output.pdf"  page16>
File: treesaver-output.pdf Graphic file (type QTm)

<use  "treesaver-output.pdf"  page16>
File: treesaver-output.pdf Graphic file (type QTm)
 <use  "treesaver-output.pdf"  page15>
File: treesaver-output.pdf Graphic file (type QTm)

<use  "treesaver-output.pdf"  page16> [8]
File: treesaver-output.pdf Graphic file (type QTm)

<use  "treesaver-output.pdf"  page17>
File: treesaver-output.pdf Graphic file (type QTm)
 <use  "treesaver-output.pdf"  page17>
File: treesaver-output.pdf Graphic file (type QTm)

<use  "treesaver-output.pdf"  page18>
File: treesaver-output.pdf Graphic file (type QTm)
 <use  "treesaver-output.pdf"  page18>
File: treesaver-output.pdf Graphic file (type QTm)

<use  "treesaver-output.pdf"  page17>
File: treesaver-output.pdf Graphic file (type QTm)
 <use  "treesaver-output.pdf"  page18>
[9]
File: treesaver-output.pdf Graphic file (type QTm)
 <use  "treesaver-output.pdf"  page19>
File: treesaver-output.pdf Graphic file (type QTm)

<use  "treesaver-output.pdf"  page19>
File: treesaver-output.pdf Graphic file (type QTm)
 <use  "treesaver-output.pdf"  page20>
File: treesaver-output.pdf Graphic file (type QTm)

<use  "treesaver-output.pdf"  page20>
File: treesaver-output.pdf Graphic file (type QTm)
 <use  "treesaver-output.pdf"  page19>
File: treesaver-output.pdf Graphic file (type QTm)

<use  "treesaver-output.pdf"  page20> [10]
File: treesaver-output.pdf Graphic file (type QTm)

<use  "treesaver-output.pdf"  page21>
File: treesaver-output.pdf Graphic file (type QTm)
 <use  "treesaver-output.pdf"  page21>
File: treesaver-output.pdf Graphic file (type QTm)

<use  "treesaver-output.pdf"  page22>
File: treesaver-output.pdf Graphic file (type QTm)
 <use  "treesaver-output.pdf"  page22>
File: treesaver-output.pdf Graphic file (type QTm)

<use  "treesaver-output.pdf"  page21>
File: treesaver-output.pdf Graphic file (type QTm)
 <use  "treesaver-output.pdf"  page22>
[11]
File: treesaver-output.pdf Graphic file (type QTm)
 <use  "treesaver-output.pdf"  page23>
File: treesaver-output.pdf Graphic file (type QTm)

<use  "treesaver-output.pdf"  page23>
File: treesaver-output.pdf Graphic file (type QTm)
 <use  "treesaver-output.pdf"  page24>
File: treesaver-output.pdf Graphic file (type QTm)

<use  "treesaver-output.pdf"  page24>
File: treesaver-output.pdf Graphic file (type QTm)
 <use  "treesaver-output.pdf"  page23>
File: treesaver-output.pdf Graphic file (type QTm)

<use  "treesaver-output.pdf"  page24> [12]
File: treesaver-output.pdf Graphic file (type QTm)

<use  "treesaver-output.pdf"  page25>
File: treesaver-output.pdf Graphic file (type QTm)
 <use  "treesaver-output.pdf"  page25>
File: treesaver-output.pdf Graphic file (type QTm)

<use  "treesaver-output.pdf"  page26>
File: treesaver-output.pdf Graphic file (type QTm)
 <use  "treesaver-output.pdf"  page26>
File: treesaver-output.pdf Graphic file (type QTm)

<use  "treesaver-output.pdf"  page25>
File: treesaver-output.pdf Graphic file (type QTm)
 <use  "treesaver-output.pdf"  page26>
[13]
File: treesaver-output.pdf Graphic file (type QTm)
 <use  "treesaver-output.pdf"  page27>
File: treesaver-output.pdf Graphic file (type QTm)

<use  "treesaver-output.pdf"  page27>
File: treesaver-output.pdf Graphic file (type QTm)
 <use  "treesaver-output.pdf"  page28>
File: treesaver-output.pdf Graphic file (type QTm)

<use  "treesaver-output.pdf"  page28>
File: treesaver-output.pdf Graphic file (type QTm)
 <use  "treesaver-output.pdf"  page27>
File: treesaver-output.pdf Graphic file (type QTm)

<use  "treesaver-output.pdf"  page28> [14]
File: treesaver-output.pdf Graphic file (type QTm)

<use  "treesaver-output.pdf"  page29>
File: treesaver-output.pdf Graphic file (type QTm)
 <use  "treesaver-output.pdf"  page29>
File: treesaver-output.pdf Graphic file (type QTm)

<use  "treesaver-output.pdf"  page30>
File: treesaver-output.pdf Graphic file (type QTm)
 <use  "treesaver-output.pdf"  page30>
File: treesaver-output.pdf Graphic file (type QTm)

<use  "treesaver-output.pdf"  page29>
File: treesaver-output.pdf Graphic file (type QTm)
 <use  "treesaver-output.pdf"  page30>
[15]
File: treesaver-output.pdf Graphic file (type QTm)
 <use  "treesaver-output.pdf"  page31>
File: treesaver-output.pdf Graphic file (type QTm)

<use  "treesaver-output.pdf"  page31>
File: treesaver-output.pdf Graphic file (type QTm)
 <use  "treesaver-output.pdf"  page32>
File: treesaver-output.pdf Graphic file (type QTm)

<use  "treesaver-output.pdf"  page32>
File: treesaver-output.pdf Graphic file (type QTm)
 <use  "treesaver-output.pdf"  page31>
File: treesaver-output.pdf Graphic file (type QTm)

<use  "treesaver-output.pdf"  page32> [16]
File: treesaver-output.pdf Graphic file (type QTm)

<use  "treesaver-output.pdf"  page33>
File: treesaver-output.pdf Graphic file (type QTm)
 <use  "treesaver-output.pdf"  page33>
File: treesaver-output.pdf Graphic file (type QTm)

<use  "treesaver-output.pdf"  page34>
File: treesaver-output.pdf Graphic file (type QTm)
 <use  "treesaver-output.pdf"  page34>
File: treesaver-output.pdf Graphic file (type QTm)

<use  "treesaver-output.pdf"  page33>
File: treesaver-output.pdf Graphic file (type QTm)
 <use  "treesaver-output.pdf"  page34>
[17]
File: treesaver-output.pdf Graphic file (type QTm)
 <use  "treesaver-output.pdf"  page35>
File: treesaver-output.pdf Graphic file (type QTm)

<use  "treesaver-output.pdf"  page35>
File: treesaver-output.pdf Graphic file (type QTm)
 <use  "treesaver-output.pdf"  page36>
File: treesaver-output.pdf Graphic file (type QTm)

<use  "treesaver-output.pdf"  page36>
File: treesaver-output.pdf Graphic file (type QTm)
 <use  "treesaver-output.pdf"  page35>
File: treesaver-output.pdf Graphic file (type QTm)

<use  "treesaver-output.pdf"  page36> [18]
File: treesaver-output.pdf Graphic file (type QTm)

<use  "treesaver-output.pdf"  page37>
File: treesaver-output.pdf Graphic file (type QTm)
 <use  "treesaver-output.pdf"  page37>
File: treesaver-output.pdf Graphic file (type QTm)

<use  "treesaver-output.pdf"  page38>
File: treesaver-output.pdf Graphic file (type QTm)
 <use  "treesaver-output.pdf"  page38>
File: treesaver-output.pdf Graphic file (type QTm)

<use  "treesaver-output.pdf"  page37>
File: treesaver-output.pdf Graphic file (type QTm)
 <use  "treesaver-output.pdf"  page38>
[19]
File: treesaver-output.pdf Graphic file (type QTm)
 <use  "treesaver-output.pdf"  page39>
File: treesaver-output.pdf Graphic file (type QTm)

<use  "treesaver-output.pdf"  page39>
File: treesaver-output.pdf Graphic file (type QTm)
 <use  "treesaver-output.pdf"  page40>
File: treesaver-output.pdf Graphic file (type QTm)

<use  "treesaver-output.pdf"  page40>
File: treesaver-output.pdf Graphic file (type QTm)
 <use  "treesaver-output.pdf"  page39>
File: treesaver-output.pdf Graphic file (type QTm)

<use  "treesaver-output.pdf"  page40> [20]
File: treesaver-output.pdf Graphic file (type QTm)

<use  "treesaver-output.pdf"  page41>
File: treesaver-output.pdf Graphic file (type QTm)
 <use  "treesaver-output.pdf"  page41>
File: treesaver-output.pdf Graphic file (type QTm)

<use  "treesaver-output.pdf"  page42>
File: treesaver-output.pdf Graphic file (type QTm)
 <use  "treesaver-output.pdf"  page42>
File: treesaver-output.pdf Graphic file (type QTm)

<use  "treesaver-output.pdf"  page41>
File: treesaver-output.pdf Graphic file (type QTm)
 <use  "treesaver-output.pdf"  page42>
[21]
File: treesaver-output.pdf Graphic file (type QTm)
 <use  "treesaver-output.pdf"  page43>
File: treesaver-output.pdf Graphic file (type QTm)

<use  "treesaver-output.pdf"  page43>
File: treesaver-output.pdf Graphic file (type QTm)
 <use  "treesaver-output.pdf"  page44>
File: treesaver-output.pdf Graphic file (type QTm)

<use  "treesaver-output.pdf"  page44>
File: treesaver-output.pdf Graphic file (type QTm)
 <use  "treesaver-output.pdf"  page43>
File: treesaver-output.pdf Graphic file (type QTm)

<use  "treesaver-output.pdf"  page44> [22]
File: treesaver-output.pdf Graphic file (type QTm)

<use  "treesaver-output.pdf"  page45>
File: treesaver-output.pdf Graphic file (type QTm)
 <use  "treesaver-output.pdf"  page45>
File: treesaver-output.pdf Graphic file (type QTm)

<use  "treesaver-output.pdf"  page46>
File: treesaver-output.pdf Graphic file (type QTm)
 <use  "treesaver-output.pdf"  page46>
File: treesaver-output.pdf Graphic file (type QTm)

<use  "treesaver-output.pdf"  page45>
File: treesaver-output.pdf Graphic file (type QTm)
 <use  "treesaver-output.pdf"  page46>
[23]
File: treesaver-output.pdf Graphic file (type QTm)
 <use  "treesaver-output.pdf"  page47>
File: treesaver-output.pdf Graphic file (type QTm)

<use  "treesaver-output.pdf"  page47>
File: treesaver-output.pdf Graphic file (type QTm)
 <use  "treesaver-output.pdf"  page48>
File: treesaver-output.pdf Graphic file (type QTm)

<use  "treesaver-output.pdf"  page48>
File: treesaver-output.pdf Graphic file (type QTm)
 <use  "treesaver-output.pdf"  page47>
File: treesaver-output.pdf Graphic file (type QTm)

<use  "treesaver-output.pdf"  page48> [24]
File: treesaver-output.pdf Graphic file (type QTm)

<use  "treesaver-output.pdf"  page49>
File: treesaver-output.pdf Graphic file (type QTm)
 <use  "treesaver-output.pdf"  page49>
File: treesaver-output.pdf Graphic file (type QTm)

<use  "treesaver-output.pdf"  page50>
File: treesaver-output.pdf Graphic file (type QTm)
 <use  "treesaver-output.pdf"  page50>
File: treesaver-output.pdf Graphic file (type QTm)

<use  "treesaver-output.pdf"  page49>
File: treesaver-output.pdf Graphic file (type QTm)
 <use  "treesaver-output.pdf"  page50>
[25]
File: treesaver-output.pdf Graphic file (type QTm)
 <use  "treesaver-output.pdf"  page51>
File: treesaver-output.pdf Graphic file (type QTm)

<use  "treesaver-output.pdf"  page51>
File: treesaver-output.pdf Graphic file (type QTm)
 <use  "treesaver-output.pdf"  page52>
File: treesaver-output.pdf Graphic file (type QTm)

<use  "treesaver-output.pdf"  page52>
File: treesaver-output.pdf Graphic file (type QTm)
 <use  "treesaver-output.pdf"  page51>
File: treesaver-output.pdf Graphic file (type QTm)

<use  "treesaver-output.pdf"  page52> [26]
File: treesaver-output.pdf Graphic file (type QTm)

<use  "treesaver-output.pdf"  page53>
File: treesaver-output.pdf Graphic file (type QTm)
 <use  "treesaver-output.pdf"  page53>
File: treesaver-output.pdf Graphic file (type QTm)

<use  "treesaver-output.pdf"  page54>
File: treesaver-output.pdf Graphic file (type QTm)
 <use  "treesaver-output.pdf"  page54>
File: treesaver-output.pdf Graphic file (type QTm)

<use  "treesaver-output.pdf"  page53>
File: treesaver-output.pdf Graphic file (type QTm)
 <use  "treesaver-output.pdf"  page54>
[27]
File: treesaver-output.pdf Graphic file (type QTm)
 <use  "treesaver-output.pdf"  page55>
File: treesaver-output.pdf Graphic file (type QTm)

<use  "treesaver-output.pdf"  page55>
File: treesaver-output.pdf Graphic file (type QTm)
 <use  "treesaver-output.pdf"  page56>
File: treesaver-output.pdf Graphic file (type QTm)

<use  "treesaver-output.pdf"  page56>
File: treesaver-output.pdf Graphic file (type QTm)
 <use  "treesaver-output.pdf"  page55>
File: treesaver-output.pdf Graphic file (type QTm)

<use  "treesaver-output.pdf"  page56> [28]
File: treesaver-output.pdf Graphic file (type QTm)

<use  "treesaver-output.pdf"  page57>
File: treesaver-output.pdf Graphic file (type QTm)
 <use  "treesaver-output.pdf"  page57>
File: treesaver-output.pdf Graphic file (type QTm)

<use  "treesaver-output.pdf"  page58>
File: treesaver-output.pdf Graphic file (type QTm)
 <use  "treesaver-output.pdf"  page58>
File: treesaver-output.pdf Graphic file (type QTm)

<use  "treesaver-output.pdf"  page57>
File: treesaver-output.pdf Graphic file (type QTm)
 <use  "treesaver-output.pdf"  page58>
[29]
File: treesaver-output.pdf Graphic file (type QTm)
 <use  "treesaver-output.pdf"  page59>
File: treesaver-output.pdf Graphic file (type QTm)

<use  "treesaver-output.pdf"  page59>
File: treesaver-output.pdf Graphic file (type QTm)
 <use  "treesaver-output.pdf"  page60>
File: treesaver-output.pdf Graphic file (type QTm)

<use  "treesaver-output.pdf"  page60>
File: treesaver-output.pdf Graphic file (type QTm)
 <use  "treesaver-output.pdf"  page59>
File: treesaver-output.pdf Graphic file (type QTm)

<use  "treesaver-output.pdf"  page60> [30]
File: treesaver-output.pdf Graphic file (type QTm)

<use  "treesaver-output.pdf"  page61>
File: treesaver-output.pdf Graphic file (type QTm)
 <use  "treesaver-output.pdf"  page61>
File: treesaver-output.pdf Graphic file (type QTm)

<use  "treesaver-output.pdf"  page62>
File: treesaver-output.pdf Graphic file (type QTm)
 <use  "treesaver-output.pdf"  page62>
File: treesaver-output.pdf Graphic file (type QTm)

<use  "treesaver-output.pdf"  page61>
File: treesaver-output.pdf Graphic file (type QTm)
 <use  "treesaver-output.pdf"  page62>
[31]
File: treesaver-output.pdf Graphic file (type QTm)
 <use  "treesaver-output.pdf"  page63>
File: treesaver-output.pdf Graphic file (type QTm)

<use  "treesaver-output.pdf"  page63>
File: treesaver-output.pdf Graphic file (type QTm)
 <use  "treesaver-output.pdf"  page64>
File: treesaver-output.pdf Graphic file (type QTm)

<use  "treesaver-output.pdf"  page64>
File: treesaver-output.pdf Graphic file (type QTm)
 <use  "treesaver-output.pdf"  page63>
File: treesaver-output.pdf Graphic file (type QTm)

<use  "treesaver-output.pdf"  page64> [32]
File: treesaver-output.pdf Graphic file (type QTm)

<use  "treesaver-output.pdf"  page65>
File: treesaver-output.pdf Graphic file (type QTm)
 <use  "treesaver-output.pdf"  page65>
File: treesaver-output.pdf Graphic file (type QTm)

<use  "treesaver-output.pdf"  page66>
File: treesaver-output.pdf Graphic file (type QTm)
 <use  "treesaver-output.pdf"  page66>
File: treesaver-output.pdf Graphic file (type QTm)

<use  "treesaver-output.pdf"  page65>
File: treesaver-output.pdf Graphic file (type QTm)
 <use  "treesaver-output.pdf"  page66>
[33]
File: treesaver-output.pdf Graphic file (type QTm)
 <use  "treesaver-output.pdf"  page67>
File: treesaver-output.pdf Graphic file (type QTm)

<use  "treesaver-output.pdf"  page67>
File: treesaver-output.pdf Graphic file (type QTm)
 <use  "treesaver-output.pdf"  page68>
File: treesaver-output.pdf Graphic file (type QTm)

<use  "treesaver-output.pdf"  page68>
File: treesaver-output.pdf Graphic file (type QTm)
 <use  "treesaver-output.pdf"  page67>
File: treesaver-output.pdf Graphic file (type QTm)

<use  "treesaver-output.pdf"  page68> [34]
File: treesaver-output.pdf Graphic file (type QTm)

<use  "treesaver-output.pdf"  page69>
File: treesaver-output.pdf Graphic file (type QTm)
 <use  "treesaver-output.pdf"  page69>
File: treesaver-output.pdf Graphic file (type QTm)

<use  "treesaver-output.pdf"  page70>
File: treesaver-output.pdf Graphic file (type QTm)
 <use  "treesaver-output.pdf"  page70>
File: treesaver-output.pdf Graphic file (type QTm)

<use  "treesaver-output.pdf"  page69>
File: treesaver-output.pdf Graphic file (type QTm)
 <use  "treesaver-output.pdf"  page70>
[35]
File: treesaver-output.pdf Graphic file (type QTm)
 <use  "treesaver-output.pdf"  page71>
File: treesaver-output.pdf Graphic file (type QTm)

<use  "treesaver-output.pdf"  page71>
File: treesaver-output.pdf Graphic file (type QTm)
 <use  "treesaver-output.pdf"  page72>
File: treesaver-output.pdf Graphic file (type QTm)

<use  "treesaver-output.pdf"  page72>
File: treesaver-output.pdf Graphic file (type QTm)
 <use  "treesaver-output.pdf"  page71>
File: treesaver-output.pdf Graphic file (type QTm)

<use  "treesaver-output.pdf"  page72> [36]
File: treesaver-output.pdf Graphic file (type QTm)

<use  "treesaver-output.pdf"  page73>
File: treesaver-output.pdf Graphic file (type QTm)
 <use  "treesaver-output.pdf"  page73>
File: treesaver-output.pdf Graphic file (type QTm)

<use  "treesaver-output.pdf"  page74>
File: treesaver-output.pdf Graphic file (type QTm)
 <use  "treesaver-output.pdf"  page74>
File: treesaver-output.pdf Graphic file (type QTm)

<use  "treesaver-output.pdf"  page73>
File: treesaver-output.pdf Graphic file (type QTm)
 <use  "treesaver-output.pdf"  page74>
[37]
File: treesaver-output.pdf Graphic file (type QTm)
 <use  "treesaver-output.pdf"  page75>
File: treesaver-output.pdf Graphic file (type QTm)

<use  "treesaver-output.pdf"  page75>
File: treesaver-output.pdf Graphic file (type QTm)
 <use  "treesaver-output.pdf"  page76>
File: treesaver-output.pdf Graphic file (type QTm)

<use  "treesaver-output.pdf"  page76>
File: treesaver-output.pdf Graphic file (type QTm)
 <use  "treesaver-output.pdf"  page75>
File: treesaver-output.pdf Graphic file (type QTm)

<use  "treesaver-output.pdf"  page76> [38]
File: treesaver-output.pdf Graphic file (type QTm)

<use  "treesaver-output.pdf"  page77>
File: treesaver-output.pdf Graphic file (type QTm)
 <use  "treesaver-output.pdf"  page77>
File: treesaver-output.pdf Graphic file (type QTm)

<use  "treesaver-output.pdf"  page78>
File: treesaver-output.pdf Graphic file (type QTm)
 <use  "treesaver-output.pdf"  page78>
File: treesaver-output.pdf Graphic file (type QTm)

<use  "treesaver-output.pdf"  page77>
File: treesaver-output.pdf Graphic file (type QTm)
 <use  "treesaver-output.pdf"  page78>
[39]
File: treesaver-output.pdf Graphic file (type QTm)
 <use  "treesaver-output.pdf"  page79>
File: treesaver-output.pdf Graphic file (type QTm)

<use  "treesaver-output.pdf"  page79>
File: treesaver-output.pdf Graphic file (type QTm)
 <use  "treesaver-output.pdf"  page80>
File: treesaver-output.pdf Graphic file (type QTm)

<use  "treesaver-output.pdf"  page80>
File: treesaver-output.pdf Graphic file (type QTm)
 <use  "treesaver-output.pdf"  page79>
File: treesaver-output.pdf Graphic file (type QTm)

<use  "treesaver-output.pdf"  page80> [40]
File: treesaver-output.pdf Graphic file (type QTm)

<use  "treesaver-output.pdf"  page81>
File: treesaver-output.pdf Graphic file (type QTm)
 <use  "treesaver-output.pdf"  page81>
File: treesaver-output.pdf Graphic file (type QTm)

<use  "treesaver-output.pdf"  page82>
File: treesaver-output.pdf Graphic file (type QTm)
 <use  "treesaver-output.pdf"  page82>
File: treesaver-output.pdf Graphic file (type QTm)

<use  "treesaver-output.pdf"  page81>
File: treesaver-output.pdf Graphic file (type QTm)
 <use  "treesaver-output.pdf"  page82>
[41]
File: treesaver-output.pdf Graphic file (type QTm)
 <use  "treesaver-output.pdf"  page83>
File: treesaver-output.pdf Graphic file (type QTm)

<use  "treesaver-output.pdf"  page83>
File: treesaver-output.pdf Graphic file (type QTm)
 <use  "treesaver-output.pdf"  page84>
File: treesaver-output.pdf Graphic file (type QTm)

<use  "treesaver-output.pdf"  page84>
File: treesaver-output.pdf Graphic file (type QTm)
 <use  "treesaver-output.pdf"  page83>
File: treesaver-output.pdf Graphic file (type QTm)

<use  "treesaver-output.pdf"  page84> [42]
File: treesaver-output.pdf Graphic file (type QTm)

<use  "treesaver-output.pdf"  page85>
File: treesaver-output.pdf Graphic file (type QTm)
 <use  "treesaver-output.pdf"  page85>
File: treesaver-output.pdf Graphic file (type QTm)

<use  "treesaver-output.pdf"  page86>
File: treesaver-output.pdf Graphic file (type QTm)
 <use  "treesaver-output.pdf"  page86>
File: treesaver-output.pdf Graphic file (type QTm)

<use  "treesaver-output.pdf"  page85>
File: treesaver-output.pdf Graphic file (type QTm)
 <use  "treesaver-output.pdf"  page86>
[43]
File: treesaver-output.pdf Graphic file (type QTm)
 <use  "treesaver-output.pdf"  page87>
File: treesaver-output.pdf Graphic file (type QTm)

<use  "treesaver-output.pdf"  page87>
File: treesaver-output.pdf Graphic file (type QTm)
 <use  "treesaver-output.pdf"  page88>
File: treesaver-output.pdf Graphic file (type QTm)

<use  "treesaver-output.pdf"  page88>
File: treesaver-output.pdf Graphic file (type QTm)
 <use  "treesaver-output.pdf"  page87>
File: treesaver-output.pdf Graphic file (type QTm)

<use  "treesaver-output.pdf"  page88> [44]
File: treesaver-output.pdf Graphic file (type QTm)

<use  "treesaver-output.pdf"  page89>
File: treesaver-output.pdf Graphic file (type QTm)
 <use  "treesaver-output.pdf"  page89>
File: treesaver-output.pdf Graphic file (type QTm)

<use  "treesaver-output.pdf"  page90>
File: treesaver-output.pdf Graphic file (type QTm)
 <use  "treesaver-output.pdf"  page90>
File: treesaver-output.pdf Graphic file (type QTm)

<use  "treesaver-output.pdf"  page89>
File: treesaver-output.pdf Graphic file (type QTm)
 <use  "treesaver-output.pdf"  page90>
[45]
File: treesaver-output.pdf Graphic file (type QTm)
 <use  "treesaver-output.pdf"  page91>
File: treesaver-output.pdf Graphic file (type QTm)

<use  "treesaver-output.pdf"  page91>
File: treesaver-output.pdf Graphic file (type QTm)
 <use  "treesaver-output.pdf"  page92>
File: treesaver-output.pdf Graphic file (type QTm)

<use  "treesaver-output.pdf"  page92>
File: treesaver-output.pdf Graphic file (type QTm)
 <use  "treesaver-output.pdf"  page91>
File: treesaver-output.pdf Graphic file (type QTm)

<use  "treesaver-output.pdf"  page92> [46]
File: treesaver-output.pdf Graphic file (type QTm)

<use  "treesaver-output.pdf"  page93>
File: treesaver-output.pdf Graphic file (type QTm)
 <use  "treesaver-output.pdf"  page93>
File: treesaver-output.pdf Graphic file (type QTm)

<use  "treesaver-output.pdf"  page94>
File: treesaver-output.pdf Graphic file (type QTm)
 <use  "treesaver-output.pdf"  page94>
File: treesaver-output.pdf Graphic file (type QTm)

<use  "treesaver-output.pdf"  page93>
File: treesaver-output.pdf Graphic file (type QTm)
 <use  "treesaver-output.pdf"  page94>
[47]
File: treesaver-output.pdf Graphic file (type QTm)
 <use  "treesaver-output.pdf"  page95>
File: treesaver-output.pdf Graphic file (type QTm)

<use  "treesaver-output.pdf"  page95>
File: treesaver-output.pdf Graphic file (type QTm)
 <use  "treesaver-output.pdf"  page96>
File: treesaver-output.pdf Graphic file (type QTm)

<use  "treesaver-output.pdf"  page96>
File: treesaver-output.pdf Graphic file (type QTm)
 <use  "treesaver-output.pdf"  page95>
File: treesaver-output.pdf Graphic file (type QTm)

<use  "treesaver-output.pdf"  page96> [48]
File: treesaver-output.pdf Graphic file (type QTm)

<use  "treesaver-output.pdf"  page97>
File: treesaver-output.pdf Graphic file (type QTm)
 <use  "treesaver-output.pdf"  page97>
File: treesaver-output.pdf Graphic file (type QTm)

<use  "treesaver-output.pdf"  page98>
File: treesaver-output.pdf Graphic file (type QTm)
 <use  "treesaver-output.pdf"  page98>
File: treesaver-output.pdf Graphic file (type QTm)

<use  "treesaver-output.pdf"  page97>
File: treesaver-output.pdf Graphic file (type QTm)
 <use  "treesaver-output.pdf"  page98>
[49]
File: treesaver-output.pdf Graphic file (type QTm)
 <use  "treesaver-output.pdf"  page99>
File: treesaver-output.pdf Graphic file (type QTm)

<use  "treesaver-output.pdf"  page99>
File: treesaver-output.pdf Graphic file (type QTm)
 <use  "treesaver-output.pdf"  page100>
File: treesaver-output.pdf Graphic file (type QTm)

<use  "treesaver-output.pdf"  page100>
File: treesaver-output.pdf Graphic file (type QTm)
 <use  "treesaver-output.pdf"  page99>
File: treesaver-output.pdf Graphic file (type QTm)

<use  "treesaver-output.pdf"  page100> [50]
File: treesaver-output.pdf Graphic file (type QTm)

<use  "treesaver-output.pdf"  page101>
File: treesaver-output.pdf Graphic file (type QTm)
 <use  "treesaver-output.pdf"  page101>
File: treesaver-output.pdf Graphic file (type QTm)

<use  "treesaver-output.pdf"  page102>
File: treesaver-output.pdf Graphic file (type QTm)
 <use  "treesaver-output.pdf"  page102>
File: treesaver-output.pdf Graphic file (type QTm)

<use  "treesaver-output.pdf"  page101>
File: treesaver-output.pdf Graphic file (type QTm)
 <use  "treesaver-output.pdf"  page102>
[51]
File: treesaver-output.pdf Graphic file (type QTm)
 <use  "treesaver-output.pdf"  page103>
File: treesaver-output.pdf Graphic file (type QTm)

<use  "treesaver-output.pdf"  page103>
File: treesaver-output.pdf Graphic file (type QTm)
 <use  "treesaver-output.pdf"  page104>
File: treesaver-output.pdf Graphic file (type QTm)

<use  "treesaver-output.pdf"  page104>
File: treesaver-output.pdf Graphic file (type QTm)
 <use  "treesaver-output.pdf"  page103>
File: treesaver-output.pdf Graphic file (type QTm)

<use  "treesaver-output.pdf"  page104> [52]
File: treesaver-output.pdf Graphic file (type QTm)

<use  "treesaver-output.pdf"  page105>
File: treesaver-output.pdf Graphic file (type QTm)
 <use  "treesaver-output.pdf"  page105>
File: treesaver-output.pdf Graphic file (type QTm)

<use  "treesaver-output.pdf"  page106>
File: treesaver-output.pdf Graphic file (type QTm)
 <use  "treesaver-output.pdf"  page106>
File: treesaver-output.pdf Graphic file (type QTm)

<use  "treesaver-output.pdf"  page105>
File: treesaver-output.pdf Graphic file (type QTm)
 <use  "treesaver-output.pdf"  page106>
[53]
File: treesaver-output.pdf Graphic file (type QTm)
 <use  "treesaver-output.pdf"  page107>
File: treesaver-output.pdf Graphic file (type QTm)

<use  "treesaver-output.pdf"  page107>
File: treesaver-output.pdf Graphic file (type QTm)
 <use  "treesaver-output.pdf"  page108>
File: treesaver-output.pdf Graphic file (type QTm)

<use  "treesaver-output.pdf"  page108>
File: treesaver-output.pdf Graphic file (type QTm)
 <use  "treesaver-output.pdf"  page107>
File: treesaver-output.pdf Graphic file (type QTm)

<use  "treesaver-output.pdf"  page108> [54]
File: treesaver-output.pdf Graphic file (type QTm)

<use  "treesaver-output.pdf"  page109>
File: treesaver-output.pdf Graphic file (type QTm)
 <use  "treesaver-output.pdf"  page109>
File: treesaver-output.pdf Graphic file (type QTm)

<use  "treesaver-output.pdf"  page110>
File: treesaver-output.pdf Graphic file (type QTm)
 <use  "treesaver-output.pdf"  page110>
File: treesaver-output.pdf Graphic file (type QTm)

<use  "treesaver-output.pdf"  page109>
File: treesaver-output.pdf Graphic file (type QTm)
 <use  "treesaver-output.pdf"  page110>
[55]
File: treesaver-output.pdf Graphic file (type QTm)
 <use  "treesaver-output.pdf"  page111>
File: treesaver-output.pdf Graphic file (type QTm)

<use  "treesaver-output.pdf"  page111>
File: treesaver-output.pdf Graphic file (type QTm)
 <use  "treesaver-output.pdf"  page112>
File: treesaver-output.pdf Graphic file (type QTm)

<use  "treesaver-output.pdf"  page112>
File: treesaver-output.pdf Graphic file (type QTm)
 <use  "treesaver-output.pdf"  page111>
File: treesaver-output.pdf Graphic file (type QTm)

<use  "treesaver-output.pdf"  page112> [56]
File: treesaver-output.pdf Graphic file (type QTm)

<use  "treesaver-output.pdf"  page113>
File: treesaver-output.pdf Graphic file (type QTm)
 <use  "treesaver-output.pdf"  page113>
File: treesaver-output.pdf Graphic file (type QTm)

<use  "treesaver-output.pdf"  page114>
File: treesaver-output.pdf Graphic file (type QTm)
 <use  "treesaver-output.pdf"  page114>
File: treesaver-output.pdf Graphic file (type QTm)

<use  "treesaver-output.pdf"  page113>
File: treesaver-output.pdf Graphic file (type QTm)
 <use  "treesaver-output.pdf"  page114>
[57]
File: treesaver-output.pdf Graphic file (type QTm)
 <use  "treesaver-output.pdf"  page115>
File: treesaver-output.pdf Graphic file (type QTm)

<use  "treesaver-output.pdf"  page115>
File: treesaver-output.pdf Graphic file (type QTm)
 <use  "treesaver-output.pdf"  page116>
File: treesaver-output.pdf Graphic file (type QTm)

<use  "treesaver-output.pdf"  page116>
File: treesaver-output.pdf Graphic file (type QTm)
 <use  "treesaver-output.pdf"  page115>
File: treesaver-output.pdf Graphic file (type QTm)

<use  "treesaver-output.pdf"  page116> [58]
File: treesaver-output.pdf Graphic file (type QTm)

<use  "treesaver-output.pdf"  page117>
File: treesaver-output.pdf Graphic file (type QTm)
 <use  "treesaver-output.pdf"  page117>
File: treesaver-output.pdf Graphic file (type QTm)

<use  "treesaver-output.pdf"  page118>
File: treesaver-output.pdf Graphic file (type QTm)
 <use  "treesaver-output.pdf"  page118>
File: treesaver-output.pdf Graphic file (type QTm)

<use  "treesaver-output.pdf"  page117>
File: treesaver-output.pdf Graphic file (type QTm)
 <use  "treesaver-output.pdf"  page118>
[59]
File: treesaver-output.pdf Graphic file (type QTm)
 <use  "treesaver-output.pdf"  page119>
File: treesaver-output.pdf Graphic file (type QTm)

<use  "treesaver-output.pdf"  page119>
File: treesaver-output.pdf Graphic file (type QTm)
 <use  "treesaver-output.pdf"  page120>
File: treesaver-output.pdf Graphic file (type QTm)

<use  "treesaver-output.pdf"  page120>
File: treesaver-output.pdf Graphic file (type QTm)
 <use  "treesaver-output.pdf"  page119>
File: treesaver-output.pdf Graphic file (type QTm)

<use  "treesaver-output.pdf"  page120> [60]
File: treesaver-output.pdf Graphic file (type QTm)

<use  "treesaver-output.pdf"  page121>
File: treesaver-output.pdf Graphic file (type QTm)
 <use  "treesaver-output.pdf"  page121>
File: treesaver-output.pdf Graphic file (type QTm)

<use  "treesaver-output.pdf"  page122>
File: treesaver-output.pdf Graphic file (type QTm)
 <use  "treesaver-output.pdf"  page122>
File: treesaver-output.pdf Graphic file (type QTm)

<use  "treesaver-output.pdf"  page121>
File: treesaver-output.pdf Graphic file (type QTm)
 <use  "treesaver-output.pdf"  page122>
[61]
File: treesaver-output.pdf Graphic file (type QTm)
 <use  "treesaver-output.pdf"  page123>
File: treesaver-output.pdf Graphic file (type QTm)

<use  "treesaver-output.pdf"  page123>
File: treesaver-output.pdf Graphic file (type QTm)
 <use  "treesaver-output.pdf"  page124>
File: treesaver-output.pdf Graphic file (type QTm)

<use  "treesaver-output.pdf"  page124>
File: treesaver-output.pdf Graphic file (type QTm)
 <use  "treesaver-output.pdf"  page123>
File: treesaver-output.pdf Graphic file (type QTm)

<use  "treesaver-output.pdf"  page124> [62]
File: treesaver-output.pdf Graphic file (type QTm)

<use  "treesaver-output.pdf"  page125>
File: treesaver-output.pdf Graphic file (type QTm)
 <use  "treesaver-output.pdf"  page125>
File: treesaver-output.pdf Graphic file (type QTm)

<use  "treesaver-output.pdf"  page126>
File: treesaver-output.pdf Graphic file (type QTm)
 <use  "treesaver-output.pdf"  page126>
File: treesaver-output.pdf Graphic file (type QTm)

<use  "treesaver-output.pdf"  page125>
File: treesaver-output.pdf Graphic file (type QTm)
 <use  "treesaver-output.pdf"  page126>
[63]
File: treesaver-output.pdf Graphic file (type QTm)
 <use  "treesaver-output.pdf"  page127>
File: treesaver-output.pdf Graphic file (type QTm)

<use  "treesaver-output.pdf"  page127>
File: treesaver-output.pdf Graphic file (type QTm)
 <use  "treesaver-output.pdf"  page128>
File: treesaver-output.pdf Graphic file (type QTm)

<use  "treesaver-output.pdf"  page128>
File: treesaver-output.pdf Graphic file (type QTm)
 <use  "treesaver-output.pdf"  page127>
File: treesaver-output.pdf Graphic file (type QTm)

<use  "treesaver-output.pdf"  page128> [64]
File: treesaver-output.pdf Graphic file (type QTm)

<use  "treesaver-output.pdf"  page129>
File: treesaver-output.pdf Graphic file (type QTm)
 <use  "treesaver-output.pdf"  page129>
File: treesaver-output.pdf Graphic file (type QTm)

<use  "treesaver-output.pdf"  page130>
File: treesaver-output.pdf Graphic file (type QTm)
 <use  "treesaver-output.pdf"  page130>
File: treesaver-output.pdf Graphic file (type QTm)

<use  "treesaver-output.pdf"  page129>
File: treesaver-output.pdf Graphic file (type QTm)
 <use  "treesaver-output.pdf"  page130>
[65]
File: treesaver-output.pdf Graphic file (type QTm)
 <use  "treesaver-output.pdf"  page131>
File: treesaver-output.pdf Graphic file (type QTm)

<use  "treesaver-output.pdf"  page131>
File: treesaver-output.pdf Graphic file (type QTm)
 <use  "treesaver-output.pdf"  page132>
File: treesaver-output.pdf Graphic file (type QTm)

<use  "treesaver-output.pdf"  page132>
File: treesaver-output.pdf Graphic file (type QTm)
 <use  "treesaver-output.pdf"  page131>
File: treesaver-output.pdf Graphic file (type QTm)

<use  "treesaver-output.pdf"  page132> [66]
File: treesaver-output.pdf Graphic file (type QTm)

<use  "treesaver-output.pdf"  page133>
File: treesaver-output.pdf Graphic file (type QTm)
 <use  "treesaver-output.pdf"  page133>
File: treesaver-output.pdf Graphic file (type QTm)

<use  "treesaver-output.pdf"  page134>
File: treesaver-output.pdf Graphic file (type QTm)
 <use  "treesaver-output.pdf"  page134>
File: treesaver-output.pdf Graphic file (type QTm)

<use  "treesaver-output.pdf"  page133>
File: treesaver-output.pdf Graphic file (type QTm)
 <use  "treesaver-output.pdf"  page134>
[67]
File: treesaver-output.pdf Graphic file (type QTm)
 <use  "treesaver-output.pdf"  page135>
File: treesaver-output.pdf Graphic file (type QTm)

<use  "treesaver-output.pdf"  page135>
File: treesaver-output.pdf Graphic file (type QTm)
 <use  "treesaver-output.pdf"  page136>
File: treesaver-output.pdf Graphic file (type QTm)

<use  "treesaver-output.pdf"  page136>
File: treesaver-output.pdf Graphic file (type QTm)
 <use  "treesaver-output.pdf"  page135>
File: treesaver-output.pdf Graphic file (type QTm)

<use  "treesaver-output.pdf"  page136> [68]
File: treesaver-output.pdf Graphic file (type QTm)

<use  "treesaver-output.pdf"  page137>
File: treesaver-output.pdf Graphic file (type QTm)
 <use  "treesaver-output.pdf"  page137>
File: treesaver-output.pdf Graphic file (type QTm)

<use  "treesaver-output.pdf"  page138>
File: treesaver-output.pdf Graphic file (type QTm)
 <use  "treesaver-output.pdf"  page138>
File: treesaver-output.pdf Graphic file (type QTm)

<use  "treesaver-output.pdf"  page137>
File: treesaver-output.pdf Graphic file (type QTm)
 <use  "treesaver-output.pdf"  page138>
[69]
File: treesaver-output.pdf Graphic file (type QTm)
 <use  "treesaver-output.pdf"  page139>
File: treesaver-output.pdf Graphic file (type QTm)

<use  "treesaver-output.pdf"  page139>
File: treesaver-output.pdf Graphic file (type QTm)
 <use  "treesaver-output.pdf"  page140>
File: treesaver-output.pdf Graphic file (type QTm)

<use  "treesaver-output.pdf"  page140>
File: treesaver-output.pdf Graphic file (type QTm)
 <use  "treesaver-output.pdf"  page139>
File: treesaver-output.pdf Graphic file (type QTm)

<use  "treesaver-output.pdf"  page140> [70]
File: treesaver-output.pdf Graphic file (type QTm)

<use  "treesaver-output.pdf"  page141>
File: treesaver-output.pdf Graphic file (type QTm)
 <use  "treesaver-output.pdf"  page141>
File: treesaver-output.pdf Graphic file (type QTm)

<use  "treesaver-output.pdf"  page142>
File: treesaver-output.pdf Graphic file (type QTm)
 <use  "treesaver-output.pdf"  page142>
File: treesaver-output.pdf Graphic file (type QTm)

<use  "treesaver-output.pdf"  page141>
File: treesaver-output.pdf Graphic file (type QTm)
 <use  "treesaver-output.pdf"  page142>
[71]
File: treesaver-output.pdf Graphic file (type QTm)
 <use  "treesaver-output.pdf"  page143>
File: treesaver-output.pdf Graphic file (type QTm)

<use  "treesaver-output.pdf"  page143>
File: treesaver-output.pdf Graphic file (type QTm)
 <use  "treesaver-output.pdf"  page144>
File: treesaver-output.pdf Graphic file (type QTm)

<use  "treesaver-output.pdf"  page144>
File: treesaver-output.pdf Graphic file (type QTm)
 <use  "treesaver-output.pdf"  page143>
File: treesaver-output.pdf Graphic file (type QTm)

<use  "treesaver-output.pdf"  page144> [72]
File: treesaver-output.pdf Graphic file (type QTm)

<use  "treesaver-output.pdf"  page145>
File: treesaver-output.pdf Graphic file (type QTm)
 <use  "treesaver-output.pdf"  page145>
File: treesaver-output.pdf Graphic file (type QTm)

<use  "treesaver-output.pdf"  page146>
File: treesaver-output.pdf Graphic file (type QTm)
 <use  "treesaver-output.pdf"  page146>
File: treesaver-output.pdf Graphic file (type QTm)

<use  "treesaver-output.pdf"  page145>
File: treesaver-output.pdf Graphic file (type QTm)
 <use  "treesaver-output.pdf"  page146>
[73]
File: treesaver-output.pdf Graphic file (type QTm)
 <use  "treesaver-output.pdf"  page147>
File: treesaver-output.pdf Graphic file (type QTm)

<use  "treesaver-output.pdf"  page147>
File: treesaver-output.pdf Graphic file (type QTm)
 <use  "treesaver-output.pdf"  page148>
File: treesaver-output.pdf Graphic file (type QTm)

<use  "treesaver-output.pdf"  page148>
File: treesaver-output.pdf Graphic file (type QTm)
 <use  "treesaver-output.pdf"  page147>
File: treesaver-output.pdf Graphic file (type QTm)

<use  "treesaver-output.pdf"  page148> [74]
File: treesaver-output.pdf Graphic file (type QTm)

<use  "treesaver-output.pdf"  page149>
File: treesaver-output.pdf Graphic file (type QTm)
 <use  "treesaver-output.pdf"  page149>
File: treesaver-output.pdf Graphic file (type QTm)

<use  "treesaver-output.pdf"  page150>
File: treesaver-output.pdf Graphic file (type QTm)
 <use  "treesaver-output.pdf"  page150>
File: treesaver-output.pdf Graphic file (type QTm)

<use  "treesaver-output.pdf"  page149>
File: treesaver-output.pdf Graphic file (type QTm)
 <use  "treesaver-output.pdf"  page150>
[75]
File: treesaver-output.pdf Graphic file (type QTm)
 <use  "treesaver-output.pdf"  page151>
File: treesaver-output.pdf Graphic file (type QTm)

<use  "treesaver-output.pdf"  page151>
File: treesaver-output.pdf Graphic file (type QTm)
 <use  "treesaver-output.pdf"  page152>
File: treesaver-output.pdf Graphic file (type QTm)

<use  "treesaver-output.pdf"  page152>
File: treesaver-output.pdf Graphic file (type QTm)
 <use  "treesaver-output.pdf"  page151>
File: treesaver-output.pdf Graphic file (type QTm)

<use  "treesaver-output.pdf"  page152> [76]
File: treesaver-output.pdf Graphic file (type QTm)

<use  "treesaver-output.pdf"  page153>
File: treesaver-output.pdf Graphic file (type QTm)
 <use  "treesaver-output.pdf"  page153>
File: treesaver-output.pdf Graphic file (type QTm)

<use  "treesaver-output.pdf"  page154>
File: treesaver-output.pdf Graphic file (type QTm)
 <use  "treesaver-output.pdf"  page154>
File: treesaver-output.pdf Graphic file (type QTm)

<use  "treesaver-output.pdf"  page153>
File: treesaver-output.pdf Graphic file (type QTm)
 <use  "treesaver-output.pdf"  page154>
[77]
File: treesaver-output.pdf Graphic file (type QTm)
 <use  "treesaver-output.pdf"  page155>
File: treesaver-output.pdf Graphic file (type QTm)

<use  "treesaver-output.pdf"  page155>
File: treesaver-output.pdf Graphic file (type QTm)
 <use  "treesaver-output.pdf"  page156>
File: treesaver-output.pdf Graphic file (type QTm)

<use  "treesaver-output.pdf"  page156>
File: treesaver-output.pdf Graphic file (type QTm)
 <use  "treesaver-output.pdf"  page155>
File: treesaver-output.pdf Graphic file (type QTm)

<use  "treesaver-output.pdf"  page156> [78]
File: treesaver-output.pdf Graphic file (type QTm)

<use  "treesaver-output.pdf"  page157>
File: treesaver-output.pdf Graphic file (type QTm)
 <use  "treesaver-output.pdf"  page157>
File: treesaver-output.pdf Graphic file (type QTm)

<use  "treesaver-output.pdf"  page158>
File: treesaver-output.pdf Graphic file (type QTm)
 <use  "treesaver-output.pdf"  page158>
File: treesaver-output.pdf Graphic file (type QTm)

<use  "treesaver-output.pdf"  page157>
File: treesaver-output.pdf Graphic file (type QTm)
 <use  "treesaver-output.pdf"  page158>
[79]
File: treesaver-output.pdf Graphic file (type QTm)
 <use  "treesaver-output.pdf"  page159>
File: treesaver-output.pdf Graphic file (type QTm)

<use  "treesaver-output.pdf"  page159>
File: treesaver-output.pdf Graphic file (type QTm)
 <use  "treesaver-output.pdf"  page160>
File: treesaver-output.pdf Graphic file (type QTm)

<use  "treesaver-output.pdf"  page160>
File: treesaver-output.pdf Graphic file (type QTm)
 <use  "treesaver-output.pdf"  page159>
File: treesaver-output.pdf Graphic file (type QTm)

<use  "treesaver-output.pdf"  page160> [80]
File: treesaver-output.pdf Graphic file (type QTm)

<use  "treesaver-output.pdf"  page161>
File: treesaver-output.pdf Graphic file (type QTm)
 <use  "treesaver-output.pdf"  page161>
File: treesaver-output.pdf Graphic file (type QTm)

<use  "treesaver-output.pdf"  page162>
File: treesaver-output.pdf Graphic file (type QTm)
 <use  "treesaver-output.pdf"  page162>
File: treesaver-output.pdf Graphic file (type QTm)

<use  "treesaver-output.pdf"  page161>
File: treesaver-output.pdf Graphic file (type QTm)
 <use  "treesaver-output.pdf"  page162>
[81]
File: treesaver-output.pdf Graphic file (type QTm)
 <use  "treesaver-output.pdf"  page163>
File: treesaver-output.pdf Graphic file (type QTm)

<use  "treesaver-output.pdf"  page163>
File: treesaver-output.pdf Graphic file (type QTm)
 <use  "treesaver-output.pdf"  page164>
File: treesaver-output.pdf Graphic file (type QTm)

<use  "treesaver-output.pdf"  page164>
File: treesaver-output.pdf Graphic file (type QTm)
 <use  "treesaver-output.pdf"  page163>
File: treesaver-output.pdf Graphic file (type QTm)

<use  "treesaver-output.pdf"  page164> [82]
File: treesaver-output.pdf Graphic file (type QTm)

<use  "treesaver-output.pdf"  page165>
File: treesaver-output.pdf Graphic file (type QTm)
 <use  "treesaver-output.pdf"  page165>
File: treesaver-output.pdf Graphic file (type QTm)

<use  "treesaver-output.pdf"  page166>
File: treesaver-output.pdf Graphic file (type QTm)
 <use  "treesaver-output.pdf"  page166>
File: treesaver-output.pdf Graphic file (type QTm)

<use  "treesaver-output.pdf"  page165>
File: treesaver-output.pdf Graphic file (type QTm)
 <use  "treesaver-output.pdf"  page166>
[83]
File: treesaver-output.pdf Graphic file (type QTm)
 <use  "treesaver-output.pdf"  page167>
File: treesaver-output.pdf Graphic file (type QTm)

<use  "treesaver-output.pdf"  page167>
File: treesaver-output.pdf Graphic file (type QTm)
 <use  "treesaver-output.pdf"  page168>
File: treesaver-output.pdf Graphic file (type QTm)

<use  "treesaver-output.pdf"  page168>
File: treesaver-output.pdf Graphic file (type QTm)
 <use  "treesaver-output.pdf"  page167>
File: treesaver-output.pdf Graphic file (type QTm)

<use  "treesaver-output.pdf"  page168> [84]
File: treesaver-output.pdf Graphic file (type QTm)

<use  "treesaver-output.pdf"  page169>
File: treesaver-output.pdf Graphic file (type QTm)
 <use  "treesaver-output.pdf"  page169>
File: treesaver-output.pdf Graphic file (type QTm)

<use  "treesaver-output.pdf"  page170>
File: treesaver-output.pdf Graphic file (type QTm)
 <use  "treesaver-output.pdf"  page170>
File: treesaver-output.pdf Graphic file (type QTm)

<use  "treesaver-output.pdf"  page169>
File: treesaver-output.pdf Graphic file (type QTm)
 <use  "treesaver-output.pdf"  page170>
[85]
File: treesaver-output.pdf Graphic file (type QTm)
 <use  "treesaver-output.pdf"  page171>
File: treesaver-output.pdf Graphic file (type QTm)

<use  "treesaver-output.pdf"  page171>
File: treesaver-output.pdf Graphic file (type QTm)
 <use  "treesaver-output.pdf"  page172>
File: treesaver-output.pdf Graphic file (type QTm)

<use  "treesaver-output.pdf"  page172>
File: treesaver-output.pdf Graphic file (type QTm)
 <use  "treesaver-output.pdf"  page171>
File: treesaver-output.pdf Graphic file (type QTm)

<use  "treesaver-output.pdf"  page172> [86]
File: treesaver-output.pdf Graphic file (type QTm)

<use  "treesaver-output.pdf"  page173>
File: treesaver-output.pdf Graphic file (type QTm)
 <use  "treesaver-output.pdf"  page173>
File: treesaver-output.pdf Graphic file (type QTm)

<use  "treesaver-output.pdf"  page174>
File: treesaver-output.pdf Graphic file (type QTm)
 <use  "treesaver-output.pdf"  page174>
File: treesaver-output.pdf Graphic file (type QTm)

<use  "treesaver-output.pdf"  page173>
File: treesaver-output.pdf Graphic file (type QTm)
 <use  "treesaver-output.pdf"  page174>
[87]
File: treesaver-output.pdf Graphic file (type QTm)
 <use  "treesaver-output.pdf"  page175>
File: treesaver-output.pdf Graphic file (type QTm)

<use  "treesaver-output.pdf"  page175>
File: treesaver-output.pdf Graphic file (type QTm)
 <use  "treesaver-output.pdf"  page176>
File: treesaver-output.pdf Graphic file (type QTm)

<use  "treesaver-output.pdf"  page176>
File: treesaver-output.pdf Graphic file (type QTm)
 <use  "treesaver-output.pdf"  page175>
File: treesaver-output.pdf Graphic file (type QTm)

<use  "treesaver-output.pdf"  page176> [88]
File: treesaver-output.pdf Graphic file (type QTm)

<use  "treesaver-output.pdf"  page177>
File: treesaver-output.pdf Graphic file (type QTm)
 <use  "treesaver-output.pdf"  page177>
File: treesaver-output.pdf Graphic file (type QTm)

<use  "treesaver-output.pdf"  page178>
File: treesaver-output.pdf Graphic file (type QTm)
 <use  "treesaver-output.pdf"  page178>
File: treesaver-output.pdf Graphic file (type QTm)

<use  "treesaver-output.pdf"  page177>
File: treesaver-output.pdf Graphic file (type QTm)
 <use  "treesaver-output.pdf"  page178>
[89]
File: treesaver-output.pdf Graphic file (type QTm)
 <use  "treesaver-output.pdf"  page179>
File: treesaver-output.pdf Graphic file (type QTm)

<use  "treesaver-output.pdf"  page179>
File: treesaver-output.pdf Graphic file (type QTm)
 <use  "treesaver-output.pdf"  page180>
File: treesaver-output.pdf Graphic file (type QTm)

<use  "treesaver-output.pdf"  page180>
File: treesaver-output.pdf Graphic file (type QTm)
 <use  "treesaver-output.pdf"  page179>
File: treesaver-output.pdf Graphic file (type QTm)

<use  "treesaver-output.pdf"  page180> [90]
File: treesaver-output.pdf Graphic file (type QTm)

<use  "treesaver-output.pdf"  page181>
File: treesaver-output.pdf Graphic file (type QTm)
 <use  "treesaver-output.pdf"  page181>
File: treesaver-output.pdf Graphic file (type QTm)

<use  "treesaver-output.pdf"  page182>
File: treesaver-output.pdf Graphic file (type QTm)
 <use  "treesaver-output.pdf"  page182>
File: treesaver-output.pdf Graphic file (type QTm)

<use  "treesaver-output.pdf"  page181>
File: treesaver-output.pdf Graphic file (type QTm)
 <use  "treesaver-output.pdf"  page182>
[91]
File: treesaver-output.pdf Graphic file (type QTm)
 <use  "treesaver-output.pdf"  page183>
File: treesaver-output.pdf Graphic file (type QTm)

<use  "treesaver-output.pdf"  page183>
File: treesaver-output.pdf Graphic file (type QTm)
 <use  "treesaver-output.pdf"  page184>
File: treesaver-output.pdf Graphic file (type QTm)

<use  "treesaver-output.pdf"  page184>
File: treesaver-output.pdf Graphic file (type QTm)
 <use  "treesaver-output.pdf"  page183>
File: treesaver-output.pdf Graphic file (type QTm)

<use  "treesaver-output.pdf"  page184> [92]
File: treesaver-output.pdf Graphic file (type QTm)

<use  "treesaver-output.pdf"  page185>
File: treesaver-output.pdf Graphic file (type QTm)
 <use  "treesaver-output.pdf"  page185>
File: treesaver-output.pdf Graphic file (type QTm)

<use  "treesaver-output.pdf"  page186>
File: treesaver-output.pdf Graphic file (type QTm)
 <use  "treesaver-output.pdf"  page186>
File: treesaver-output.pdf Graphic file (type QTm)

<use  "treesaver-output.pdf"  page185>
File: treesaver-output.pdf Graphic file (type QTm)
 <use  "treesaver-output.pdf"  page186>
[93]
File: treesaver-output.pdf Graphic file (type QTm)
 <use  "treesaver-output.pdf"  page187>
File: treesaver-output.pdf Graphic file (type QTm)

<use  "treesaver-output.pdf"  page187>
File: treesaver-output.pdf Graphic file (type QTm)
 <use  "treesaver-output.pdf"  page188>
File: treesaver-output.pdf Graphic file (type QTm)

<use  "treesaver-output.pdf"  page188>
File: treesaver-output.pdf Graphic file (type QTm)
 <use  "treesaver-output.pdf"  page187>
File: treesaver-output.pdf Graphic file (type QTm)

<use  "treesaver-output.pdf"  page188> [94]
File: treesaver-output.pdf Graphic file (type QTm)

<use  "treesaver-output.pdf"  page189>
File: treesaver-output.pdf Graphic file (type QTm)
 <use  "treesaver-output.pdf"  page189>
File: treesaver-output.pdf Graphic file (type QTm)

<use  "treesaver-output.pdf"  page190>
File: treesaver-output.pdf Graphic file (type QTm)
 <use  "treesaver-output.pdf"  page190>
File: treesaver-output.pdf Graphic file (type QTm)

<use  "treesaver-output.pdf"  page189>
File: treesaver-output.pdf Graphic file (type QTm)
 <use  "treesaver-output.pdf"  page190>
[95]
File: treesaver-output.pdf Graphic file (type QTm)
 <use  "treesaver-output.pdf"  page191>
File: treesaver-output.pdf Graphic file (type QTm)

<use  "treesaver-output.pdf"  page191>
File: treesaver-output.pdf Graphic file (type QTm)
 <use  "treesaver-output.pdf"  page192>
File: treesaver-output.pdf Graphic file (type QTm)

<use  "treesaver-output.pdf"  page192>
File: treesaver-output.pdf Graphic file (type QTm)
 <use  "treesaver-output.pdf"  page191>
File: treesaver-output.pdf Graphic file (type QTm)

<use  "treesaver-output.pdf"  page192> [96]
File: treesaver-output.pdf Graphic file (type QTm)

<use  "treesaver-output.pdf"  page193>
File: treesaver-output.pdf Graphic file (type QTm)
 <use  "treesaver-output.pdf"  page193>
File: treesaver-output.pdf Graphic file (type QTm)

<use  "treesaver-output.pdf"  page194>
File: treesaver-output.pdf Graphic file (type QTm)
 <use  "treesaver-output.pdf"  page194>
File: treesaver-output.pdf Graphic file (type QTm)

<use  "treesaver-output.pdf"  page193>
File: treesaver-output.pdf Graphic file (type QTm)
 <use  "treesaver-output.pdf"  page194>
[97]
File: treesaver-output.pdf Graphic file (type QTm)
 <use  "treesaver-output.pdf"  page195>
File: treesaver-output.pdf Graphic file (type QTm)

<use  "treesaver-output.pdf"  page195>
File: treesaver-output.pdf Graphic file (type QTm)
 <use  "treesaver-output.pdf"  page196>
File: treesaver-output.pdf Graphic file (type QTm)

<use  "treesaver-output.pdf"  page196>
File: treesaver-output.pdf Graphic file (type QTm)
 <use  "treesaver-output.pdf"  page195>
File: treesaver-output.pdf Graphic file (type QTm)

<use  "treesaver-output.pdf"  page196> [98]
File: treesaver-output.pdf Graphic file (type QTm)

<use  "treesaver-output.pdf"  page197>
File: treesaver-output.pdf Graphic file (type QTm)
 <use  "treesaver-output.pdf"  page197>
File: treesaver-output.pdf Graphic file (type QTm)

<use  "treesaver-output.pdf"  page198>
File: treesaver-output.pdf Graphic file (type QTm)
 <use  "treesaver-output.pdf"  page198>
File: treesaver-output.pdf Graphic file (type QTm)

<use  "treesaver-output.pdf"  page197>
File: treesaver-output.pdf Graphic file (type QTm)
 <use  "treesaver-output.pdf"  page198>
[99]
File: treesaver-output.pdf Graphic file (type QTm)
 <use  "treesaver-output.pdf"  page199>
File: treesaver-output.pdf Graphic file (type QTm)

<use  "treesaver-output.pdf"  page199>
File: treesaver-output.pdf Graphic file (type QTm)
 <use  "treesaver-output.pdf"  page200>
File: treesaver-output.pdf Graphic file (type QTm)

<use  "treesaver-output.pdf"  page200>
File: treesaver-output.pdf Graphic file (type QTm)
 <use  "treesaver-output.pdf"  page199>
File: treesaver-output.pdf Graphic file (type QTm)

<use  "treesaver-output.pdf"  page200> [100]
File: treesaver-output.pdf Graphic file (type QTm)

<use  "treesaver-output.pdf"  page201>
File: treesaver-output.pdf Graphic file (type QTm)
 <use  "treesaver-output.pdf"  page201>
File: treesaver-output.pdf Graphic file (type QTm)

<use  "treesaver-output.pdf"  page202>
File: treesaver-output.pdf Graphic file (type QTm)
 <use  "treesaver-output.pdf"  page202>
File: treesaver-output.pdf Graphic file (type QTm)

<use  "treesaver-output.pdf"  page201>
File: treesaver-output.pdf Graphic file (type QTm)
 <use  "treesaver-output.pdf"  page202>
[101]
File: treesaver-output.pdf Graphic file (type QTm)
 <use  "treesaver-output.pdf"  page203>
File: treesaver-output.pdf Graphic file (type QTm)

<use  "treesaver-output.pdf"  page203>
File: treesaver-output.pdf Graphic file (type QTm)
 <use  "treesaver-output.pdf"  page204>
File: treesaver-output.pdf Graphic file (type QTm)

<use  "treesaver-output.pdf"  page204>
File: treesaver-output.pdf Graphic file (type QTm)
 <use  "treesaver-output.pdf"  page203>
File: treesaver-output.pdf Graphic file (type QTm)

<use  "treesaver-output.pdf"  page204> [102]
File: treesaver-output.pdf Graphic file (type QTm)

<use  "treesaver-output.pdf"  page205>
File: treesaver-output.pdf Graphic file (type QTm)
 <use  "treesaver-output.pdf"  page205>
File: treesaver-output.pdf Graphic file (type QTm)

<use  "treesaver-output.pdf"  page206>
File: treesaver-output.pdf Graphic file (type QTm)
 <use  "treesaver-output.pdf"  page206>
File: treesaver-output.pdf Graphic file (type QTm)

<use  "treesaver-output.pdf"  page205>
File: treesaver-output.pdf Graphic file (type QTm)
 <use  "treesaver-output.pdf"  page206>
[103]
File: treesaver-output.pdf Graphic file (type QTm)
 <use  "treesaver-output.pdf"  page207>
File: treesaver-output.pdf Graphic file (type QTm)

<use  "treesaver-output.pdf"  page207>
File: treesaver-output.pdf Graphic file (type QTm)
 <use  "treesaver-output.pdf"  page208>
File: treesaver-output.pdf Graphic file (type QTm)

<use  "treesaver-output.pdf"  page208>
File: treesaver-output.pdf Graphic file (type QTm)
 <use  "treesaver-output.pdf"  page207>
File: treesaver-output.pdf Graphic file (type QTm)

<use  "treesaver-output.pdf"  page208> [104]
File: treesaver-output.pdf Graphic file (type QTm)

<use  "treesaver-output.pdf"  page209>
File: treesaver-output.pdf Graphic file (type QTm)
 <use  "treesaver-output.pdf"  page209>
File: treesaver-output.pdf Graphic file (type QTm)

<use  "treesaver-output.pdf"  page210>
File: treesaver-output.pdf Graphic file (type QTm)
 <use  "treesaver-output.pdf"  page210>
File: treesaver-output.pdf Graphic file (type QTm)

<use  "treesaver-output.pdf"  page209>
File: treesaver-output.pdf Graphic file (type QTm)
 <use  "treesaver-output.pdf"  page210>
[105]
File: treesaver-output.pdf Graphic file (type QTm)
 <use  "treesaver-output.pdf"  page211>
File: treesaver-output.pdf Graphic file (type QTm)

<use  "treesaver-output.pdf"  page211>
File: treesaver-output.pdf Graphic file (type QTm)
 <use  "treesaver-output.pdf"  page212>
File: treesaver-output.pdf Graphic file (type QTm)

<use  "treesaver-output.pdf"  page212>
File: treesaver-output.pdf Graphic file (type QTm)
 <use  "treesaver-output.pdf"  page211>
File: treesaver-output.pdf Graphic file (type QTm)

<use  "treesaver-output.pdf"  page212> [106]
File: treesaver-output.pdf Graphic file (type QTm)

<use  "treesaver-output.pdf"  page213>
File: treesaver-output.pdf Graphic file (type QTm)
 <use  "treesaver-output.pdf"  page213>
File: treesaver-output.pdf Graphic file (type QTm)

<use  "treesaver-output.pdf"  page1>
File: treesaver-output.pdf Graphic file (type QTm)
 <use  "treesaver-output.pdf"  page1>
File: treesaver-output.pdf Graphic file (type QTm)

<use  "treesaver-output.pdf"  page213> [107] (./mounted-file.aux) ) 
Here is how much of TeX's memory you used:
 1957 strings out of 494004
 27096 string characters out of 3150890
 95762 words of memory out of 3000000
 5245 multiletter control sequences out of 15000+200000
 3940 words of font info for 15 fonts, out of 3000000 for 9000
 1144 hyphenation exceptions out of 8191
 38i,18n,42p,229b,427s stack positions out of 5000i,500n,10000p,200000b,50000s

Output written on mounted-file.pdf (107 pages).
